INFO  [2014-04-23 20:31:32,573] com.yammer.dropwizard.cli.ServerCommand: Starting kaizen-service
INFO  [2014-04-23 20:31:32,578] org.eclipse.jetty.server.Server: jetty-8.1.10.v20130312
INFO  [2014-04-23 20:31:32,971] com.sun.jersey.server.impl.application.WebApplicationImpl: Initiating Jersey application, version 'Jersey: 1.17.1 02/28/2013 12:47 PM'
INFO  [2014-04-23 20:31:33,070] com.yammer.dropwizard.config.Environment: The following paths were found for the configured resources:

    GET     /kaizen/v1/review (com.kaizen.yelp.api.KaizenResource)
    GET     /kaizen/v1/tip (com.kaizen.yelp.api.KaizenResource)
    GET     /kaizen/v1/user (com.kaizen.yelp.api.KaizenResource)
    GET     /kaizen/v1/{city}/{categories} (com.kaizen.yelp.api.KaizenResource)
    GET     /kaizen/v1/{city}/{categories}/{hoursDay}/{time1}/{time2} (com.kaizen.yelp.api.KaizenResource)
    GET     /kaizen/v1/{city}/{categories}/{when} (com.kaizen.yelp.api.KaizenResource)
    POST    /kaizen/v1/insertReview (com.kaizen.yelp.api.KaizenResource)
    POST    /kaizen/v1/publish (com.kaizen.yelp.api.KaizenResource)
    POST    /kaizen/v1/subscribe (com.kaizen.yelp.api.KaizenResource)
    GET     /kaizen (com.kaizen.yelp.ui.resources.LoginResource)
    POST    /kaizen/ (com.kaizen.yelp.ui.resources.LoginResource)
    POST    /kaizen/authenticate/ (com.kaizen.yelp.ui.resources.LoginResource)
    GET     /kaizen/{username}/home (com.kaizen.yelp.ui.resources.UserResource)
    POST    /kaizen/{username}/home (com.kaizen.yelp.ui.resources.UserResource)
    GET     /kaizen/{username}/{business_id} (com.kaizen.yelp.ui.resources.BusinessResource)

INFO  [2014-04-23 20:31:33,070] com.yammer.dropwizard.config.Environment: tasks = 

    POST    /tasks/gc (com.yammer.dropwizard.tasks.GarbageCollectionTask)

WARN  [2014-04-23 20:31:33,384] com.sun.jersey.spi.inject.Errors: The following warnings have been detected with resource and/or provider classes:
  WARNING: A sub-resource method, public void com.kaizen.yelp.ui.resources.LoginResource.register(java.lang.String,java.lang.String,java.lang.String), with URI template, "/", is treated as a resource method
INFO  [2014-04-23 20:31:33,393] org.eclipse.jetty.server.AbstractConnector: Started InstrumentedBlockingChannelConnector@0.0.0.0:8080
INFO  [2014-04-23 20:31:33,396] org.eclipse.jetty.server.AbstractConnector: Started SocketConnector@0.0.0.0:8081
INFO  [2014-04-23 20:54:47,842] com.yammer.dropwizard.cli.ServerCommand: Starting kaizen-service
INFO  [2014-04-23 20:54:47,846] org.eclipse.jetty.server.Server: jetty-8.1.10.v20130312
INFO  [2014-04-23 20:54:47,956] com.sun.jersey.server.impl.application.WebApplicationImpl: Initiating Jersey application, version 'Jersey: 1.17.1 02/28/2013 12:47 PM'
INFO  [2014-04-23 20:54:48,058] com.yammer.dropwizard.config.Environment: The following paths were found for the configured resources:

    GET     /kaizen/v1/review (com.kaizen.yelp.api.KaizenResource)
    GET     /kaizen/v1/tip (com.kaizen.yelp.api.KaizenResource)
    GET     /kaizen/v1/user (com.kaizen.yelp.api.KaizenResource)
    GET     /kaizen/v1/{city}/{categories} (com.kaizen.yelp.api.KaizenResource)
    GET     /kaizen/v1/{city}/{categories}/{hoursDay}/{time1}/{time2} (com.kaizen.yelp.api.KaizenResource)
    GET     /kaizen/v1/{city}/{categories}/{when} (com.kaizen.yelp.api.KaizenResource)
    POST    /kaizen/v1/insertReview (com.kaizen.yelp.api.KaizenResource)
    POST    /kaizen/v1/publish (com.kaizen.yelp.api.KaizenResource)
    POST    /kaizen/v1/subscribe (com.kaizen.yelp.api.KaizenResource)
    GET     /kaizen (com.kaizen.yelp.ui.resources.LoginResource)
    POST    /kaizen/ (com.kaizen.yelp.ui.resources.LoginResource)
    POST    /kaizen/authenticate/ (com.kaizen.yelp.ui.resources.LoginResource)
    GET     /kaizen/{username}/home (com.kaizen.yelp.ui.resources.UserResource)
    POST    /kaizen/{username}/home (com.kaizen.yelp.ui.resources.UserResource)
    GET     /kaizen/{username}/{business_id} (com.kaizen.yelp.ui.resources.BusinessResource)

INFO  [2014-04-23 20:54:48,058] com.yammer.dropwizard.config.Environment: tasks = 

    POST    /tasks/gc (com.yammer.dropwizard.tasks.GarbageCollectionTask)

WARN  [2014-04-23 20:54:48,374] com.sun.jersey.spi.inject.Errors: The following warnings have been detected with resource and/or provider classes:
  WARNING: A sub-resource method, public void com.kaizen.yelp.ui.resources.LoginResource.register(java.lang.String,java.lang.String,java.lang.String), with URI template, "/", is treated as a resource method
INFO  [2014-04-23 20:54:48,383] org.eclipse.jetty.server.AbstractConnector: Started InstrumentedBlockingChannelConnector@0.0.0.0:8080
INFO  [2014-04-23 20:54:48,385] org.eclipse.jetty.server.AbstractConnector: Started SocketConnector@0.0.0.0:8081
INFO  [2014-04-23 21:05:00,660] com.yammer.dropwizard.cli.ServerCommand: Starting kaizen-service
INFO  [2014-04-23 21:05:00,664] org.eclipse.jetty.server.Server: jetty-8.1.10.v20130312
INFO  [2014-04-23 21:05:00,782] com.sun.jersey.server.impl.application.WebApplicationImpl: Initiating Jersey application, version 'Jersey: 1.17.1 02/28/2013 12:47 PM'
INFO  [2014-04-23 21:05:00,859] com.yammer.dropwizard.config.Environment: The following paths were found for the configured resources:

    GET     /kaizen/v1/review (com.kaizen.yelp.api.KaizenResource)
    GET     /kaizen/v1/tip (com.kaizen.yelp.api.KaizenResource)
    GET     /kaizen/v1/user (com.kaizen.yelp.api.KaizenResource)
    GET     /kaizen/v1/{city}/{categories} (com.kaizen.yelp.api.KaizenResource)
    GET     /kaizen/v1/{city}/{categories}/{hoursDay}/{time1}/{time2} (com.kaizen.yelp.api.KaizenResource)
    GET     /kaizen/v1/{city}/{categories}/{when} (com.kaizen.yelp.api.KaizenResource)
    POST    /kaizen/v1/insertReview (com.kaizen.yelp.api.KaizenResource)
    POST    /kaizen/v1/publish (com.kaizen.yelp.api.KaizenResource)
    POST    /kaizen/v1/subscribe (com.kaizen.yelp.api.KaizenResource)
    GET     /kaizen (com.kaizen.yelp.ui.resources.LoginResource)
    POST    /kaizen/ (com.kaizen.yelp.ui.resources.LoginResource)
    POST    /kaizen/authenticate/ (com.kaizen.yelp.ui.resources.LoginResource)
    GET     /kaizen/{username}/home (com.kaizen.yelp.ui.resources.UserResource)
    POST    /kaizen/{username}/home (com.kaizen.yelp.ui.resources.UserResource)
    GET     /kaizen/{username}/{business_id} (com.kaizen.yelp.ui.resources.BusinessResource)

INFO  [2014-04-23 21:05:00,860] com.yammer.dropwizard.config.Environment: tasks = 

    POST    /tasks/gc (com.yammer.dropwizard.tasks.GarbageCollectionTask)

WARN  [2014-04-23 21:05:01,170] com.sun.jersey.spi.inject.Errors: The following warnings have been detected with resource and/or provider classes:
  WARNING: A sub-resource method, public void com.kaizen.yelp.ui.resources.LoginResource.register(java.lang.String,java.lang.String,java.lang.String), with URI template, "/", is treated as a resource method
INFO  [2014-04-23 21:05:01,180] org.eclipse.jetty.server.AbstractConnector: Started InstrumentedBlockingChannelConnector@0.0.0.0:8080
INFO  [2014-04-23 21:05:01,184] org.eclipse.jetty.server.AbstractConnector: Started SocketConnector@0.0.0.0:8081
INFO  [2014-04-23 21:14:54,016] com.yammer.dropwizard.cli.ServerCommand: Starting kaizen-service
INFO  [2014-04-23 21:14:54,028] org.eclipse.jetty.server.Server: jetty-8.1.10.v20130312
INFO  [2014-04-23 21:14:54,145] com.sun.jersey.server.impl.application.WebApplicationImpl: Initiating Jersey application, version 'Jersey: 1.17.1 02/28/2013 12:47 PM'
INFO  [2014-04-23 21:14:54,237] com.yammer.dropwizard.config.Environment: The following paths were found for the configured resources:

    GET     /kaizen/v1/review (com.kaizen.yelp.api.KaizenResource)
    GET     /kaizen/v1/tip (com.kaizen.yelp.api.KaizenResource)
    GET     /kaizen/v1/user (com.kaizen.yelp.api.KaizenResource)
    GET     /kaizen/v1/{city}/{categories} (com.kaizen.yelp.api.KaizenResource)
    GET     /kaizen/v1/{city}/{categories}/{hoursDay}/{time1}/{time2} (com.kaizen.yelp.api.KaizenResource)
    GET     /kaizen/v1/{city}/{categories}/{when} (com.kaizen.yelp.api.KaizenResource)
    POST    /kaizen/v1/insertReview (com.kaizen.yelp.api.KaizenResource)
    POST    /kaizen/v1/publish (com.kaizen.yelp.api.KaizenResource)
    POST    /kaizen/v1/subscribe (com.kaizen.yelp.api.KaizenResource)
    GET     /kaizen (com.kaizen.yelp.ui.resources.LoginResource)
    POST    /kaizen/ (com.kaizen.yelp.ui.resources.LoginResource)
    POST    /kaizen/authenticate/ (com.kaizen.yelp.ui.resources.LoginResource)
    GET     /kaizen/{username}/home (com.kaizen.yelp.ui.resources.UserResource)
    POST    /kaizen/{username}/home (com.kaizen.yelp.ui.resources.UserResource)
    GET     /kaizen/{username}/{business_id} (com.kaizen.yelp.ui.resources.BusinessResource)

INFO  [2014-04-23 21:14:54,237] com.yammer.dropwizard.config.Environment: tasks = 

    POST    /tasks/gc (com.yammer.dropwizard.tasks.GarbageCollectionTask)

WARN  [2014-04-23 21:14:54,570] com.sun.jersey.spi.inject.Errors: The following warnings have been detected with resource and/or provider classes:
  WARNING: A sub-resource method, public void com.kaizen.yelp.ui.resources.LoginResource.register(java.lang.String,java.lang.String,java.lang.String), with URI template, "/", is treated as a resource method
INFO  [2014-04-23 21:14:54,581] org.eclipse.jetty.server.AbstractConnector: Started InstrumentedBlockingChannelConnector@0.0.0.0:8080
INFO  [2014-04-23 21:14:54,583] org.eclipse.jetty.server.AbstractConnector: Started SocketConnector@0.0.0.0:8081
INFO  [2014-04-23 21:18:05,410] com.yammer.dropwizard.cli.ServerCommand: Starting kaizen-service
INFO  [2014-04-23 21:18:05,414] org.eclipse.jetty.server.Server: jetty-8.1.10.v20130312
INFO  [2014-04-23 21:18:05,515] com.sun.jersey.server.impl.application.WebApplicationImpl: Initiating Jersey application, version 'Jersey: 1.17.1 02/28/2013 12:47 PM'
INFO  [2014-04-23 21:18:05,596] com.yammer.dropwizard.config.Environment: The following paths were found for the configured resources:

    GET     /kaizen/v1/review (com.kaizen.yelp.api.KaizenResource)
    GET     /kaizen/v1/tip (com.kaizen.yelp.api.KaizenResource)
    GET     /kaizen/v1/user (com.kaizen.yelp.api.KaizenResource)
    GET     /kaizen/v1/{city}/{categories} (com.kaizen.yelp.api.KaizenResource)
    GET     /kaizen/v1/{city}/{categories}/{hoursDay}/{time1}/{time2} (com.kaizen.yelp.api.KaizenResource)
    GET     /kaizen/v1/{city}/{categories}/{when} (com.kaizen.yelp.api.KaizenResource)
    POST    /kaizen/v1/insertReview (com.kaizen.yelp.api.KaizenResource)
    POST    /kaizen/v1/publish (com.kaizen.yelp.api.KaizenResource)
    POST    /kaizen/v1/subscribe (com.kaizen.yelp.api.KaizenResource)
    GET     /kaizen (com.kaizen.yelp.ui.resources.LoginResource)
    POST    /kaizen/ (com.kaizen.yelp.ui.resources.LoginResource)
    POST    /kaizen/authenticate/ (com.kaizen.yelp.ui.resources.LoginResource)
    GET     /kaizen/{username}/home (com.kaizen.yelp.ui.resources.UserResource)
    POST    /kaizen/{username}/home (com.kaizen.yelp.ui.resources.UserResource)
    GET     /kaizen/{username}/{business_id} (com.kaizen.yelp.ui.resources.BusinessResource)

INFO  [2014-04-23 21:18:05,596] com.yammer.dropwizard.config.Environment: tasks = 

    POST    /tasks/gc (com.yammer.dropwizard.tasks.GarbageCollectionTask)

WARN  [2014-04-23 21:18:05,917] com.sun.jersey.spi.inject.Errors: The following warnings have been detected with resource and/or provider classes:
  WARNING: A sub-resource method, public void com.kaizen.yelp.ui.resources.LoginResource.register(java.lang.String,java.lang.String,java.lang.String), with URI template, "/", is treated as a resource method
INFO  [2014-04-23 21:18:05,926] org.eclipse.jetty.server.AbstractConnector: Started InstrumentedBlockingChannelConnector@0.0.0.0:8080
INFO  [2014-04-23 21:18:05,928] org.eclipse.jetty.server.AbstractConnector: Started SocketConnector@0.0.0.0:8081
INFO  [2014-04-23 21:19:45,271] com.yammer.dropwizard.cli.ServerCommand: Starting kaizen-service
INFO  [2014-04-23 21:19:45,276] org.eclipse.jetty.server.Server: jetty-8.1.10.v20130312
INFO  [2014-04-23 21:19:45,388] com.sun.jersey.server.impl.application.WebApplicationImpl: Initiating Jersey application, version 'Jersey: 1.17.1 02/28/2013 12:47 PM'
INFO  [2014-04-23 21:19:45,470] com.yammer.dropwizard.config.Environment: The following paths were found for the configured resources:

    GET     /kaizen/v1/review (com.kaizen.yelp.api.KaizenResource)
    GET     /kaizen/v1/tip (com.kaizen.yelp.api.KaizenResource)
    GET     /kaizen/v1/user (com.kaizen.yelp.api.KaizenResource)
    GET     /kaizen/v1/{city}/{categories} (com.kaizen.yelp.api.KaizenResource)
    GET     /kaizen/v1/{city}/{categories}/{hoursDay}/{time1}/{time2} (com.kaizen.yelp.api.KaizenResource)
    GET     /kaizen/v1/{city}/{categories}/{when} (com.kaizen.yelp.api.KaizenResource)
    POST    /kaizen/v1/insertReview (com.kaizen.yelp.api.KaizenResource)
    POST    /kaizen/v1/publish (com.kaizen.yelp.api.KaizenResource)
    POST    /kaizen/v1/subscribe (com.kaizen.yelp.api.KaizenResource)
    GET     /kaizen (com.kaizen.yelp.ui.resources.LoginResource)
    POST    /kaizen/ (com.kaizen.yelp.ui.resources.LoginResource)
    POST    /kaizen/authenticate/ (com.kaizen.yelp.ui.resources.LoginResource)
    GET     /kaizen/{username}/home (com.kaizen.yelp.ui.resources.UserResource)
    POST    /kaizen/{username}/home (com.kaizen.yelp.ui.resources.UserResource)
    GET     /kaizen/{username}/{business_id} (com.kaizen.yelp.ui.resources.BusinessResource)

INFO  [2014-04-23 21:19:45,471] com.yammer.dropwizard.config.Environment: tasks = 

    POST    /tasks/gc (com.yammer.dropwizard.tasks.GarbageCollectionTask)

WARN  [2014-04-23 21:19:45,786] com.sun.jersey.spi.inject.Errors: The following warnings have been detected with resource and/or provider classes:
  WARNING: A sub-resource method, public void com.kaizen.yelp.ui.resources.LoginResource.register(java.lang.String,java.lang.String,java.lang.String), with URI template, "/", is treated as a resource method
INFO  [2014-04-23 21:19:45,795] org.eclipse.jetty.server.AbstractConnector: Started InstrumentedBlockingChannelConnector@0.0.0.0:8080
INFO  [2014-04-23 21:19:45,797] org.eclipse.jetty.server.AbstractConnector: Started SocketConnector@0.0.0.0:8081
INFO  [2014-04-23 21:23:03,807] com.yammer.dropwizard.cli.ServerCommand: Starting kaizen-service
INFO  [2014-04-23 21:23:03,814] org.eclipse.jetty.server.Server: jetty-8.1.10.v20130312
INFO  [2014-04-23 21:23:03,934] com.sun.jersey.server.impl.application.WebApplicationImpl: Initiating Jersey application, version 'Jersey: 1.17.1 02/28/2013 12:47 PM'
INFO  [2014-04-23 21:23:04,026] com.yammer.dropwizard.config.Environment: The following paths were found for the configured resources:

    GET     /kaizen/v1/review (com.kaizen.yelp.api.KaizenResource)
    GET     /kaizen/v1/tip (com.kaizen.yelp.api.KaizenResource)
    GET     /kaizen/v1/user (com.kaizen.yelp.api.KaizenResource)
    GET     /kaizen/v1/{city}/{categories} (com.kaizen.yelp.api.KaizenResource)
    GET     /kaizen/v1/{city}/{categories}/{hoursDay}/{time1}/{time2} (com.kaizen.yelp.api.KaizenResource)
    GET     /kaizen/v1/{city}/{categories}/{when} (com.kaizen.yelp.api.KaizenResource)
    POST    /kaizen/v1/insertReview (com.kaizen.yelp.api.KaizenResource)
    POST    /kaizen/v1/publish (com.kaizen.yelp.api.KaizenResource)
    POST    /kaizen/v1/subscribe (com.kaizen.yelp.api.KaizenResource)
    GET     /kaizen (com.kaizen.yelp.ui.resources.LoginResource)
    POST    /kaizen/ (com.kaizen.yelp.ui.resources.LoginResource)
    POST    /kaizen/authenticate/ (com.kaizen.yelp.ui.resources.LoginResource)
    GET     /kaizen/{username}/home (com.kaizen.yelp.ui.resources.UserResource)
    POST    /kaizen/{username}/home (com.kaizen.yelp.ui.resources.UserResource)
    GET     /kaizen/{username}/{business_id} (com.kaizen.yelp.ui.resources.BusinessResource)

INFO  [2014-04-23 21:23:04,026] com.yammer.dropwizard.config.Environment: tasks = 

    POST    /tasks/gc (com.yammer.dropwizard.tasks.GarbageCollectionTask)

WARN  [2014-04-23 21:23:04,400] com.sun.jersey.spi.inject.Errors: The following warnings have been detected with resource and/or provider classes:
  WARNING: A sub-resource method, public void com.kaizen.yelp.ui.resources.LoginResource.register(java.lang.String,java.lang.String,java.lang.String), with URI template, "/", is treated as a resource method
INFO  [2014-04-23 21:23:04,410] org.eclipse.jetty.server.AbstractConnector: Started InstrumentedBlockingChannelConnector@0.0.0.0:8080
INFO  [2014-04-23 21:23:04,413] org.eclipse.jetty.server.AbstractConnector: Started SocketConnector@0.0.0.0:8081
INFO  [2014-04-23 21:24:43,295] com.yammer.dropwizard.cli.ServerCommand: Starting kaizen-service
INFO  [2014-04-23 21:24:43,301] org.eclipse.jetty.server.Server: jetty-8.1.10.v20130312
INFO  [2014-04-23 21:24:43,411] com.sun.jersey.server.impl.application.WebApplicationImpl: Initiating Jersey application, version 'Jersey: 1.17.1 02/28/2013 12:47 PM'
INFO  [2014-04-23 21:24:43,500] com.yammer.dropwizard.config.Environment: The following paths were found for the configured resources:

    GET     /kaizen/v1/review (com.kaizen.yelp.api.KaizenResource)
    GET     /kaizen/v1/tip (com.kaizen.yelp.api.KaizenResource)
    GET     /kaizen/v1/user (com.kaizen.yelp.api.KaizenResource)
    GET     /kaizen/v1/{city}/{categories} (com.kaizen.yelp.api.KaizenResource)
    GET     /kaizen/v1/{city}/{categories}/{hoursDay}/{time1}/{time2} (com.kaizen.yelp.api.KaizenResource)
    GET     /kaizen/v1/{city}/{categories}/{when} (com.kaizen.yelp.api.KaizenResource)
    POST    /kaizen/v1/insertReview (com.kaizen.yelp.api.KaizenResource)
    POST    /kaizen/v1/publish (com.kaizen.yelp.api.KaizenResource)
    POST    /kaizen/v1/subscribe (com.kaizen.yelp.api.KaizenResource)
    GET     /kaizen (com.kaizen.yelp.ui.resources.LoginResource)
    POST    /kaizen/ (com.kaizen.yelp.ui.resources.LoginResource)
    POST    /kaizen/authenticate/ (com.kaizen.yelp.ui.resources.LoginResource)
    GET     /kaizen/{username}/home (com.kaizen.yelp.ui.resources.UserResource)
    POST    /kaizen/{username}/home (com.kaizen.yelp.ui.resources.UserResource)
    GET     /kaizen/{username}/{business_id} (com.kaizen.yelp.ui.resources.BusinessResource)

INFO  [2014-04-23 21:24:43,500] com.yammer.dropwizard.config.Environment: tasks = 

    POST    /tasks/gc (com.yammer.dropwizard.tasks.GarbageCollectionTask)

WARN  [2014-04-23 21:24:43,803] com.sun.jersey.spi.inject.Errors: The following warnings have been detected with resource and/or provider classes:
  WARNING: A sub-resource method, public void com.kaizen.yelp.ui.resources.LoginResource.register(java.lang.String,java.lang.String,java.lang.String), with URI template, "/", is treated as a resource method
INFO  [2014-04-23 21:24:43,812] org.eclipse.jetty.server.AbstractConnector: Started InstrumentedBlockingChannelConnector@0.0.0.0:8080
INFO  [2014-04-23 21:24:43,814] org.eclipse.jetty.server.AbstractConnector: Started SocketConnector@0.0.0.0:8081
INFO  [2014-04-23 21:25:06,763] com.yammer.dropwizard.cli.ServerCommand: Starting kaizen-service
INFO  [2014-04-23 21:25:06,767] org.eclipse.jetty.server.Server: jetty-8.1.10.v20130312
INFO  [2014-04-23 21:25:06,872] com.sun.jersey.server.impl.application.WebApplicationImpl: Initiating Jersey application, version 'Jersey: 1.17.1 02/28/2013 12:47 PM'
INFO  [2014-04-23 21:25:06,956] com.yammer.dropwizard.config.Environment: The following paths were found for the configured resources:

    GET     /kaizen/v1/review (com.kaizen.yelp.api.KaizenResource)
    GET     /kaizen/v1/tip (com.kaizen.yelp.api.KaizenResource)
    GET     /kaizen/v1/user (com.kaizen.yelp.api.KaizenResource)
    GET     /kaizen/v1/{city}/{categories} (com.kaizen.yelp.api.KaizenResource)
    GET     /kaizen/v1/{city}/{categories}/{hoursDay}/{time1}/{time2} (com.kaizen.yelp.api.KaizenResource)
    GET     /kaizen/v1/{city}/{categories}/{when} (com.kaizen.yelp.api.KaizenResource)
    POST    /kaizen/v1/insertReview (com.kaizen.yelp.api.KaizenResource)
    POST    /kaizen/v1/publish (com.kaizen.yelp.api.KaizenResource)
    POST    /kaizen/v1/subscribe (com.kaizen.yelp.api.KaizenResource)
    GET     /kaizen (com.kaizen.yelp.ui.resources.LoginResource)
    POST    /kaizen/ (com.kaizen.yelp.ui.resources.LoginResource)
    POST    /kaizen/authenticate/ (com.kaizen.yelp.ui.resources.LoginResource)
    GET     /kaizen/{username}/home (com.kaizen.yelp.ui.resources.UserResource)
    POST    /kaizen/{username}/home (com.kaizen.yelp.ui.resources.UserResource)
    GET     /kaizen/{username}/{business_id} (com.kaizen.yelp.ui.resources.BusinessResource)

INFO  [2014-04-23 21:25:06,957] com.yammer.dropwizard.config.Environment: tasks = 

    POST    /tasks/gc (com.yammer.dropwizard.tasks.GarbageCollectionTask)

WARN  [2014-04-23 21:25:07,261] com.sun.jersey.spi.inject.Errors: The following warnings have been detected with resource and/or provider classes:
  WARNING: A sub-resource method, public void com.kaizen.yelp.ui.resources.LoginResource.register(java.lang.String,java.lang.String,java.lang.String), with URI template, "/", is treated as a resource method
INFO  [2014-04-23 21:25:07,269] org.eclipse.jetty.server.AbstractConnector: Started InstrumentedBlockingChannelConnector@0.0.0.0:8080
INFO  [2014-04-23 21:25:07,272] org.eclipse.jetty.server.AbstractConnector: Started SocketConnector@0.0.0.0:8081
INFO  [2014-04-23 21:25:28,528] com.yammer.dropwizard.cli.ServerCommand: Starting kaizen-service
INFO  [2014-04-23 21:25:28,532] org.eclipse.jetty.server.Server: jetty-8.1.10.v20130312
INFO  [2014-04-23 21:25:28,636] com.sun.jersey.server.impl.application.WebApplicationImpl: Initiating Jersey application, version 'Jersey: 1.17.1 02/28/2013 12:47 PM'
INFO  [2014-04-23 21:25:28,721] com.yammer.dropwizard.config.Environment: The following paths were found for the configured resources:

    GET     /kaizen/v1/review (com.kaizen.yelp.api.KaizenResource)
    GET     /kaizen/v1/tip (com.kaizen.yelp.api.KaizenResource)
    GET     /kaizen/v1/user (com.kaizen.yelp.api.KaizenResource)
    GET     /kaizen/v1/{city}/{categories} (com.kaizen.yelp.api.KaizenResource)
    GET     /kaizen/v1/{city}/{categories}/{hoursDay}/{time1}/{time2} (com.kaizen.yelp.api.KaizenResource)
    GET     /kaizen/v1/{city}/{categories}/{when} (com.kaizen.yelp.api.KaizenResource)
    POST    /kaizen/v1/insertReview (com.kaizen.yelp.api.KaizenResource)
    POST    /kaizen/v1/publish (com.kaizen.yelp.api.KaizenResource)
    POST    /kaizen/v1/subscribe (com.kaizen.yelp.api.KaizenResource)
    GET     /kaizen (com.kaizen.yelp.ui.resources.LoginResource)
    POST    /kaizen/ (com.kaizen.yelp.ui.resources.LoginResource)
    POST    /kaizen/authenticate/ (com.kaizen.yelp.ui.resources.LoginResource)
    GET     /kaizen/{username}/home (com.kaizen.yelp.ui.resources.UserResource)
    POST    /kaizen/{username}/home (com.kaizen.yelp.ui.resources.UserResource)
    GET     /kaizen/{username}/{business_id} (com.kaizen.yelp.ui.resources.BusinessResource)

INFO  [2014-04-23 21:25:28,721] com.yammer.dropwizard.config.Environment: tasks = 

    POST    /tasks/gc (com.yammer.dropwizard.tasks.GarbageCollectionTask)

WARN  [2014-04-23 21:25:29,041] com.sun.jersey.spi.inject.Errors: The following warnings have been detected with resource and/or provider classes:
  WARNING: A sub-resource method, public void com.kaizen.yelp.ui.resources.LoginResource.register(java.lang.String,java.lang.String,java.lang.String), with URI template, "/", is treated as a resource method
INFO  [2014-04-23 21:25:29,050] org.eclipse.jetty.server.AbstractConnector: Started InstrumentedBlockingChannelConnector@0.0.0.0:8080
INFO  [2014-04-23 21:25:29,053] org.eclipse.jetty.server.AbstractConnector: Started SocketConnector@0.0.0.0:8081
INFO  [2014-04-23 21:28:58,901] com.yammer.dropwizard.cli.ServerCommand: Starting kaizen-service
INFO  [2014-04-23 21:28:58,907] org.eclipse.jetty.server.Server: jetty-8.1.10.v20130312
INFO  [2014-04-23 21:28:59,014] com.sun.jersey.server.impl.application.WebApplicationImpl: Initiating Jersey application, version 'Jersey: 1.17.1 02/28/2013 12:47 PM'
INFO  [2014-04-23 21:28:59,104] com.yammer.dropwizard.config.Environment: The following paths were found for the configured resources:

    GET     /kaizen/v1/review (com.kaizen.yelp.api.KaizenResource)
    GET     /kaizen/v1/tip (com.kaizen.yelp.api.KaizenResource)
    GET     /kaizen/v1/user (com.kaizen.yelp.api.KaizenResource)
    GET     /kaizen/v1/{city}/{categories} (com.kaizen.yelp.api.KaizenResource)
    GET     /kaizen/v1/{city}/{categories}/{hoursDay}/{time1}/{time2} (com.kaizen.yelp.api.KaizenResource)
    GET     /kaizen/v1/{city}/{categories}/{when} (com.kaizen.yelp.api.KaizenResource)
    POST    /kaizen/v1/insertReview (com.kaizen.yelp.api.KaizenResource)
    POST    /kaizen/v1/publish (com.kaizen.yelp.api.KaizenResource)
    POST    /kaizen/v1/subscribe (com.kaizen.yelp.api.KaizenResource)
    GET     /kaizen (com.kaizen.yelp.ui.resources.LoginResource)
    POST    /kaizen/ (com.kaizen.yelp.ui.resources.LoginResource)
    POST    /kaizen/authenticate/ (com.kaizen.yelp.ui.resources.LoginResource)
    GET     /kaizen/{username}/home (com.kaizen.yelp.ui.resources.UserResource)
    POST    /kaizen/{username}/home (com.kaizen.yelp.ui.resources.UserResource)
    GET     /kaizen/{username}/{business_id} (com.kaizen.yelp.ui.resources.BusinessResource)

INFO  [2014-04-23 21:28:59,104] com.yammer.dropwizard.config.Environment: tasks = 

    POST    /tasks/gc (com.yammer.dropwizard.tasks.GarbageCollectionTask)

WARN  [2014-04-23 21:28:59,406] com.sun.jersey.spi.inject.Errors: The following warnings have been detected with resource and/or provider classes:
  WARNING: A sub-resource method, public void com.kaizen.yelp.ui.resources.LoginResource.register(java.lang.String,java.lang.String,java.lang.String), with URI template, "/", is treated as a resource method
INFO  [2014-04-23 21:28:59,415] org.eclipse.jetty.server.AbstractConnector: Started InstrumentedBlockingChannelConnector@0.0.0.0:8080
INFO  [2014-04-23 21:28:59,418] org.eclipse.jetty.server.AbstractConnector: Started SocketConnector@0.0.0.0:8081
INFO  [2014-04-23 21:32:33,867] com.yammer.dropwizard.cli.ServerCommand: Starting kaizen-service
INFO  [2014-04-23 21:32:33,872] org.eclipse.jetty.server.Server: jetty-8.1.10.v20130312
INFO  [2014-04-23 21:32:33,980] com.sun.jersey.server.impl.application.WebApplicationImpl: Initiating Jersey application, version 'Jersey: 1.17.1 02/28/2013 12:47 PM'
INFO  [2014-04-23 21:32:34,062] com.yammer.dropwizard.config.Environment: The following paths were found for the configured resources:

    GET     /kaizen/v1/review (com.kaizen.yelp.api.KaizenResource)
    GET     /kaizen/v1/tip (com.kaizen.yelp.api.KaizenResource)
    GET     /kaizen/v1/user (com.kaizen.yelp.api.KaizenResource)
    GET     /kaizen/v1/{city}/{categories} (com.kaizen.yelp.api.KaizenResource)
    GET     /kaizen/v1/{city}/{categories}/{hoursDay}/{time1}/{time2} (com.kaizen.yelp.api.KaizenResource)
    GET     /kaizen/v1/{city}/{categories}/{when} (com.kaizen.yelp.api.KaizenResource)
    POST    /kaizen/v1/insertReview (com.kaizen.yelp.api.KaizenResource)
    POST    /kaizen/v1/publish (com.kaizen.yelp.api.KaizenResource)
    POST    /kaizen/v1/subscribe (com.kaizen.yelp.api.KaizenResource)
    GET     /kaizen (com.kaizen.yelp.ui.resources.LoginResource)
    POST    /kaizen/ (com.kaizen.yelp.ui.resources.LoginResource)
    POST    /kaizen/authenticate/ (com.kaizen.yelp.ui.resources.LoginResource)
    GET     /kaizen/{username}/home (com.kaizen.yelp.ui.resources.UserResource)
    POST    /kaizen/{username}/home (com.kaizen.yelp.ui.resources.UserResource)
    GET     /kaizen/{username}/{business_id} (com.kaizen.yelp.ui.resources.BusinessResource)

INFO  [2014-04-23 21:32:34,062] com.yammer.dropwizard.config.Environment: tasks = 

    POST    /tasks/gc (com.yammer.dropwizard.tasks.GarbageCollectionTask)

WARN  [2014-04-23 21:32:34,387] com.sun.jersey.spi.inject.Errors: The following warnings have been detected with resource and/or provider classes:
  WARNING: A sub-resource method, public void com.kaizen.yelp.ui.resources.LoginResource.register(java.lang.String,java.lang.String,java.lang.String), with URI template, "/", is treated as a resource method
INFO  [2014-04-23 21:32:34,397] org.eclipse.jetty.server.AbstractConnector: Started InstrumentedBlockingChannelConnector@0.0.0.0:8080
INFO  [2014-04-23 21:32:34,399] org.eclipse.jetty.server.AbstractConnector: Started SocketConnector@0.0.0.0:8081
INFO  [2014-04-23 21:34:36,742] com.yammer.dropwizard.cli.ServerCommand: Starting kaizen-service
INFO  [2014-04-23 21:34:36,748] org.eclipse.jetty.server.Server: jetty-8.1.10.v20130312
INFO  [2014-04-23 21:34:36,854] com.sun.jersey.server.impl.application.WebApplicationImpl: Initiating Jersey application, version 'Jersey: 1.17.1 02/28/2013 12:47 PM'
INFO  [2014-04-23 21:34:36,933] com.yammer.dropwizard.config.Environment: The following paths were found for the configured resources:

    GET     /kaizen/v1/review (com.kaizen.yelp.api.KaizenResource)
    GET     /kaizen/v1/tip (com.kaizen.yelp.api.KaizenResource)
    GET     /kaizen/v1/user (com.kaizen.yelp.api.KaizenResource)
    GET     /kaizen/v1/{city}/{categories} (com.kaizen.yelp.api.KaizenResource)
    GET     /kaizen/v1/{city}/{categories}/{hoursDay}/{time1}/{time2} (com.kaizen.yelp.api.KaizenResource)
    GET     /kaizen/v1/{city}/{categories}/{when} (com.kaizen.yelp.api.KaizenResource)
    POST    /kaizen/v1/insertReview (com.kaizen.yelp.api.KaizenResource)
    POST    /kaizen/v1/publish (com.kaizen.yelp.api.KaizenResource)
    POST    /kaizen/v1/subscribe (com.kaizen.yelp.api.KaizenResource)
    GET     /kaizen (com.kaizen.yelp.ui.resources.LoginResource)
    POST    /kaizen/ (com.kaizen.yelp.ui.resources.LoginResource)
    POST    /kaizen/authenticate/ (com.kaizen.yelp.ui.resources.LoginResource)
    GET     /kaizen/{username}/home (com.kaizen.yelp.ui.resources.UserResource)
    POST    /kaizen/{username}/home (com.kaizen.yelp.ui.resources.UserResource)
    GET     /kaizen/{username}/{business_id} (com.kaizen.yelp.ui.resources.BusinessResource)

INFO  [2014-04-23 21:34:36,933] com.yammer.dropwizard.config.Environment: tasks = 

    POST    /tasks/gc (com.yammer.dropwizard.tasks.GarbageCollectionTask)

WARN  [2014-04-23 21:34:37,257] com.sun.jersey.spi.inject.Errors: The following warnings have been detected with resource and/or provider classes:
  WARNING: A sub-resource method, public void com.kaizen.yelp.ui.resources.LoginResource.register(java.lang.String,java.lang.String,java.lang.String), with URI template, "/", is treated as a resource method
INFO  [2014-04-23 21:34:37,267] org.eclipse.jetty.server.AbstractConnector: Started InstrumentedBlockingChannelConnector@0.0.0.0:8080
INFO  [2014-04-23 21:34:37,269] org.eclipse.jetty.server.AbstractConnector: Started SocketConnector@0.0.0.0:8081
INFO  [2014-04-23 21:40:27,877] com.yammer.dropwizard.cli.ServerCommand: Starting kaizen-service
INFO  [2014-04-23 21:40:27,881] org.eclipse.jetty.server.Server: jetty-8.1.10.v20130312
INFO  [2014-04-23 21:40:27,987] com.sun.jersey.server.impl.application.WebApplicationImpl: Initiating Jersey application, version 'Jersey: 1.17.1 02/28/2013 12:47 PM'
INFO  [2014-04-23 21:40:28,072] com.yammer.dropwizard.config.Environment: The following paths were found for the configured resources:

    GET     /kaizen/v1/review (com.kaizen.yelp.api.KaizenResource)
    GET     /kaizen/v1/tip (com.kaizen.yelp.api.KaizenResource)
    GET     /kaizen/v1/user (com.kaizen.yelp.api.KaizenResource)
    GET     /kaizen/v1/{city}/{categories} (com.kaizen.yelp.api.KaizenResource)
    GET     /kaizen/v1/{city}/{categories}/{hoursDay}/{time1}/{time2} (com.kaizen.yelp.api.KaizenResource)
    GET     /kaizen/v1/{city}/{categories}/{when} (com.kaizen.yelp.api.KaizenResource)
    POST    /kaizen/v1/insertReview (com.kaizen.yelp.api.KaizenResource)
    POST    /kaizen/v1/publish (com.kaizen.yelp.api.KaizenResource)
    POST    /kaizen/v1/subscribe (com.kaizen.yelp.api.KaizenResource)
    GET     /kaizen (com.kaizen.yelp.ui.resources.LoginResource)
    POST    /kaizen/authenticate/ (com.kaizen.yelp.ui.resources.LoginResource)
    POST    /kaizen/register/ (com.kaizen.yelp.ui.resources.LoginResource)
    GET     /kaizen/{username}/home (com.kaizen.yelp.ui.resources.UserResource)
    POST    /kaizen/{username}/home (com.kaizen.yelp.ui.resources.UserResource)
    GET     /kaizen/{username}/{business_id} (com.kaizen.yelp.ui.resources.BusinessResource)

INFO  [2014-04-23 21:40:28,072] com.yammer.dropwizard.config.Environment: tasks = 

    POST    /tasks/gc (com.yammer.dropwizard.tasks.GarbageCollectionTask)

INFO  [2014-04-23 21:40:28,414] org.eclipse.jetty.server.AbstractConnector: Started InstrumentedBlockingChannelConnector@0.0.0.0:8080
INFO  [2014-04-23 21:40:28,416] org.eclipse.jetty.server.AbstractConnector: Started SocketConnector@0.0.0.0:8081
INFO  [2014-04-23 21:47:11,211] com.yammer.dropwizard.cli.ServerCommand: Starting kaizen-service
INFO  [2014-04-23 21:47:11,215] org.eclipse.jetty.server.Server: jetty-8.1.10.v20130312
INFO  [2014-04-23 21:47:11,313] com.sun.jersey.server.impl.application.WebApplicationImpl: Initiating Jersey application, version 'Jersey: 1.17.1 02/28/2013 12:47 PM'
INFO  [2014-04-23 21:47:11,392] com.yammer.dropwizard.config.Environment: The following paths were found for the configured resources:

    GET     /kaizen/v1/review (com.kaizen.yelp.api.KaizenResource)
    GET     /kaizen/v1/tip (com.kaizen.yelp.api.KaizenResource)
    GET     /kaizen/v1/user (com.kaizen.yelp.api.KaizenResource)
    GET     /kaizen/v1/{city}/{categories} (com.kaizen.yelp.api.KaizenResource)
    GET     /kaizen/v1/{city}/{categories}/{hoursDay}/{time1}/{time2} (com.kaizen.yelp.api.KaizenResource)
    GET     /kaizen/v1/{city}/{categories}/{when} (com.kaizen.yelp.api.KaizenResource)
    POST    /kaizen/v1/insertReview (com.kaizen.yelp.api.KaizenResource)
    POST    /kaizen/v1/publish (com.kaizen.yelp.api.KaizenResource)
    POST    /kaizen/v1/subscribe (com.kaizen.yelp.api.KaizenResource)
    GET     /kaizen (com.kaizen.yelp.ui.resources.LoginResource)
    POST    /kaizen/authenticate/ (com.kaizen.yelp.ui.resources.LoginResource)
    POST    /kaizen/register/ (com.kaizen.yelp.ui.resources.LoginResource)
    GET     /kaizen/{username}/home (com.kaizen.yelp.ui.resources.UserResource)
    POST    /kaizen/{username}/home (com.kaizen.yelp.ui.resources.UserResource)
    GET     /kaizen/{username}/{business_id} (com.kaizen.yelp.ui.resources.BusinessResource)

INFO  [2014-04-23 21:47:11,392] com.yammer.dropwizard.config.Environment: tasks = 

    POST    /tasks/gc (com.yammer.dropwizard.tasks.GarbageCollectionTask)

INFO  [2014-04-23 21:47:11,704] org.eclipse.jetty.server.AbstractConnector: Started InstrumentedBlockingChannelConnector@0.0.0.0:8080
INFO  [2014-04-23 21:47:11,707] org.eclipse.jetty.server.AbstractConnector: Started SocketConnector@0.0.0.0:8081
INFO  [2014-04-23 21:48:27,416] com.yammer.dropwizard.cli.ServerCommand: Starting kaizen-service
INFO  [2014-04-23 21:48:27,420] org.eclipse.jetty.server.Server: jetty-8.1.10.v20130312
INFO  [2014-04-23 21:48:27,519] com.sun.jersey.server.impl.application.WebApplicationImpl: Initiating Jersey application, version 'Jersey: 1.17.1 02/28/2013 12:47 PM'
INFO  [2014-04-23 21:48:27,600] com.yammer.dropwizard.config.Environment: The following paths were found for the configured resources:

    GET     /kaizen/v1/review (com.kaizen.yelp.api.KaizenResource)
    GET     /kaizen/v1/tip (com.kaizen.yelp.api.KaizenResource)
    GET     /kaizen/v1/user (com.kaizen.yelp.api.KaizenResource)
    GET     /kaizen/v1/{city}/{categories} (com.kaizen.yelp.api.KaizenResource)
    GET     /kaizen/v1/{city}/{categories}/{hoursDay}/{time1}/{time2} (com.kaizen.yelp.api.KaizenResource)
    GET     /kaizen/v1/{city}/{categories}/{when} (com.kaizen.yelp.api.KaizenResource)
    POST    /kaizen/v1/insertReview (com.kaizen.yelp.api.KaizenResource)
    POST    /kaizen/v1/publish (com.kaizen.yelp.api.KaizenResource)
    POST    /kaizen/v1/subscribe (com.kaizen.yelp.api.KaizenResource)
    GET     /kaizen (com.kaizen.yelp.ui.resources.LoginResource)
    POST    /kaizen/authenticate/ (com.kaizen.yelp.ui.resources.LoginResource)
    POST    /kaizen/register/ (com.kaizen.yelp.ui.resources.LoginResource)
    GET     /kaizen/{username}/home (com.kaizen.yelp.ui.resources.UserResource)
    POST    /kaizen/{username}/home (com.kaizen.yelp.ui.resources.UserResource)
    GET     /kaizen/{username}/{business_id} (com.kaizen.yelp.ui.resources.BusinessResource)

INFO  [2014-04-23 21:48:27,600] com.yammer.dropwizard.config.Environment: tasks = 

    POST    /tasks/gc (com.yammer.dropwizard.tasks.GarbageCollectionTask)

INFO  [2014-04-23 21:48:27,912] org.eclipse.jetty.server.AbstractConnector: Started InstrumentedBlockingChannelConnector@0.0.0.0:8080
INFO  [2014-04-23 21:48:27,915] org.eclipse.jetty.server.AbstractConnector: Started SocketConnector@0.0.0.0:8081
INFO  [2014-04-23 21:50:46,108] com.yammer.dropwizard.cli.ServerCommand: Starting kaizen-service
INFO  [2014-04-23 21:50:46,112] org.eclipse.jetty.server.Server: jetty-8.1.10.v20130312
INFO  [2014-04-23 21:50:46,218] com.sun.jersey.server.impl.application.WebApplicationImpl: Initiating Jersey application, version 'Jersey: 1.17.1 02/28/2013 12:47 PM'
INFO  [2014-04-23 21:50:46,299] com.yammer.dropwizard.config.Environment: The following paths were found for the configured resources:

    GET     /kaizen/v1/review (com.kaizen.yelp.api.KaizenResource)
    GET     /kaizen/v1/tip (com.kaizen.yelp.api.KaizenResource)
    GET     /kaizen/v1/user (com.kaizen.yelp.api.KaizenResource)
    GET     /kaizen/v1/{city}/{categories} (com.kaizen.yelp.api.KaizenResource)
    GET     /kaizen/v1/{city}/{categories}/{hoursDay}/{time1}/{time2} (com.kaizen.yelp.api.KaizenResource)
    GET     /kaizen/v1/{city}/{categories}/{when} (com.kaizen.yelp.api.KaizenResource)
    POST    /kaizen/v1/insertReview (com.kaizen.yelp.api.KaizenResource)
    POST    /kaizen/v1/publish (com.kaizen.yelp.api.KaizenResource)
    POST    /kaizen/v1/subscribe (com.kaizen.yelp.api.KaizenResource)
    GET     /kaizen (com.kaizen.yelp.ui.resources.LoginResource)
    POST    /kaizen/authenticate/ (com.kaizen.yelp.ui.resources.LoginResource)
    POST    /kaizen/register/ (com.kaizen.yelp.ui.resources.LoginResource)
    GET     /kaizen/{username}/home (com.kaizen.yelp.ui.resources.UserResource)
    POST    /kaizen/{username}/home (com.kaizen.yelp.ui.resources.UserResource)
    GET     /kaizen/{username}/{business_id} (com.kaizen.yelp.ui.resources.BusinessResource)

INFO  [2014-04-23 21:50:46,299] com.yammer.dropwizard.config.Environment: tasks = 

    POST    /tasks/gc (com.yammer.dropwizard.tasks.GarbageCollectionTask)

INFO  [2014-04-23 21:50:46,620] org.eclipse.jetty.server.AbstractConnector: Started InstrumentedBlockingChannelConnector@0.0.0.0:8080
INFO  [2014-04-23 21:50:46,622] org.eclipse.jetty.server.AbstractConnector: Started SocketConnector@0.0.0.0:8081
INFO  [2014-04-24 01:45:16,100] com.yammer.dropwizard.cli.ServerCommand: Starting kaizen-service
INFO  [2014-04-24 01:45:16,104] org.eclipse.jetty.server.Server: jetty-8.1.10.v20130312
INFO  [2014-04-24 01:45:16,207] com.sun.jersey.server.impl.application.WebApplicationImpl: Initiating Jersey application, version 'Jersey: 1.17.1 02/28/2013 12:47 PM'
INFO  [2014-04-24 01:45:16,280] com.yammer.dropwizard.config.Environment: The following paths were found for the configured resources:

    GET     /kaizen/v1/review (com.kaizen.yelp.api.KaizenResource)
    GET     /kaizen/v1/tip (com.kaizen.yelp.api.KaizenResource)
    GET     /kaizen/v1/user (com.kaizen.yelp.api.KaizenResource)
    GET     /kaizen/v1/{city}/{categories} (com.kaizen.yelp.api.KaizenResource)
    GET     /kaizen/v1/{city}/{categories}/{hoursDay}/{time1}/{time2} (com.kaizen.yelp.api.KaizenResource)
    GET     /kaizen/v1/{city}/{categories}/{when} (com.kaizen.yelp.api.KaizenResource)
    POST    /kaizen/v1/insertReview (com.kaizen.yelp.api.KaizenResource)
    POST    /kaizen/v1/publish (com.kaizen.yelp.api.KaizenResource)
    POST    /kaizen/v1/subscribe (com.kaizen.yelp.api.KaizenResource)
    GET     /kaizen (com.kaizen.yelp.ui.resources.LoginResource)
    POST    /kaizen/authenticate/ (com.kaizen.yelp.ui.resources.LoginResource)
    POST    /kaizen/register/ (com.kaizen.yelp.ui.resources.LoginResource)
    GET     /kaizen/{username}/home (com.kaizen.yelp.ui.resources.UserResource)
    POST    /kaizen/{username}/home (com.kaizen.yelp.ui.resources.UserResource)
    GET     /kaizen/{username}/{business_id} (com.kaizen.yelp.ui.resources.BusinessResource)

INFO  [2014-04-24 01:45:16,281] com.yammer.dropwizard.config.Environment: tasks = 

    POST    /tasks/gc (com.yammer.dropwizard.tasks.GarbageCollectionTask)

WARN  [2014-04-24 01:45:16,593] org.eclipse.jetty.util.component.AbstractLifeCycle: FAILED InstrumentedBlockingChannelConnector@0.0.0.0:8080: java.net.BindException: Address already in use: bind
! java.net.BindException: Address already in use: bind
! at sun.nio.ch.Net.bind0(Native Method) ~[na:1.7.0_21]
! at sun.nio.ch.Net.bind(Net.java:344) ~[na:1.7.0_21]
! at sun.nio.ch.Net.bind(Net.java:336) ~[na:1.7.0_21]
! at sun.nio.ch.ServerSocketChannelImpl.bind(ServerSocketChannelImpl.java:199) ~[na:1.7.0_21]
! at sun.nio.ch.ServerSocketAdaptor.bind(ServerSocketAdaptor.java:74) ~[na:1.7.0_21]
! at org.eclipse.jetty.server.nio.BlockingChannelConnector.open(BlockingChannelConnector.java:127) ~[jetty-server-8.1.10.v20130312.jar:8.1.10.v20130312]
! at org.eclipse.jetty.server.AbstractConnector.doStart(AbstractConnector.java:316) ~[jetty-server-8.1.10.v20130312.jar:8.1.10.v20130312]
! at org.eclipse.jetty.server.nio.BlockingChannelConnector.doStart(BlockingChannelConnector.java:85) ~[jetty-server-8.1.10.v20130312.jar:8.1.10.v20130312]
! at org.eclipse.jetty.util.component.AbstractLifeCycle.start(AbstractLifeCycle.java:64) [jetty-util-8.1.10.v20130312.jar:8.1.10.v20130312]
! at org.eclipse.jetty.server.Server.doStart(Server.java:291) [jetty-server-8.1.10.v20130312.jar:8.1.10.v20130312]
! at org.eclipse.jetty.util.component.AbstractLifeCycle.start(AbstractLifeCycle.java:64) [jetty-util-8.1.10.v20130312.jar:8.1.10.v20130312]
! at com.yammer.dropwizard.cli.ServerCommand.run(ServerCommand.java:48) [dropwizard-core-0.6.2.jar:na]
! at com.yammer.dropwizard.cli.EnvironmentCommand.run(EnvironmentCommand.java:39) [dropwizard-core-0.6.2.jar:na]
! at com.yammer.dropwizard.cli.ConfiguredCommand.run(ConfiguredCommand.java:58) [dropwizard-core-0.6.2.jar:na]
! at com.yammer.dropwizard.cli.Cli.run(Cli.java:53) [dropwizard-core-0.6.2.jar:na]
! at com.yammer.dropwizard.Service.run(Service.java:61) [dropwizard-core-0.6.2.jar:na]
! at com.kaizen.yelp.serviceclass.KaizenService.main(KaizenService.java:24) [classes/:na]
WARN  [2014-04-24 01:45:16,594] org.eclipse.jetty.util.component.AbstractLifeCycle: FAILED SocketConnector@0.0.0.0:8081: java.net.BindException: Address already in use: JVM_Bind
! java.net.BindException: Address already in use: JVM_Bind
! at java.net.DualStackPlainSocketImpl.bind0(Native Method) ~[na:1.7.0_21]
! at java.net.DualStackPlainSocketImpl.socketBind(DualStackPlainSocketImpl.java:96) ~[na:1.7.0_21]
! at java.net.AbstractPlainSocketImpl.bind(AbstractPlainSocketImpl.java:376) ~[na:1.7.0_21]
! at java.net.PlainSocketImpl.bind(PlainSocketImpl.java:175) ~[na:1.7.0_21]
! at java.net.ServerSocket.bind(ServerSocket.java:376) ~[na:1.7.0_21]
! at java.net.ServerSocket.<init>(ServerSocket.java:237) ~[na:1.7.0_21]
! at java.net.ServerSocket.<init>(ServerSocket.java:181) ~[na:1.7.0_21]
! at org.eclipse.jetty.server.bio.SocketConnector.newServerSocket(SocketConnector.java:96) ~[jetty-server-8.1.10.v20130312.jar:8.1.10.v20130312]
! at org.eclipse.jetty.server.bio.SocketConnector.open(SocketConnector.java:85) ~[jetty-server-8.1.10.v20130312.jar:8.1.10.v20130312]
! at org.eclipse.jetty.server.AbstractConnector.doStart(AbstractConnector.java:316) ~[jetty-server-8.1.10.v20130312.jar:8.1.10.v20130312]
! at org.eclipse.jetty.server.bio.SocketConnector.doStart(SocketConnector.java:156) ~[jetty-server-8.1.10.v20130312.jar:8.1.10.v20130312]
! at org.eclipse.jetty.util.component.AbstractLifeCycle.start(AbstractLifeCycle.java:64) [jetty-util-8.1.10.v20130312.jar:8.1.10.v20130312]
! at org.eclipse.jetty.server.Server.doStart(Server.java:291) [jetty-server-8.1.10.v20130312.jar:8.1.10.v20130312]
! at org.eclipse.jetty.util.component.AbstractLifeCycle.start(AbstractLifeCycle.java:64) [jetty-util-8.1.10.v20130312.jar:8.1.10.v20130312]
! at com.yammer.dropwizard.cli.ServerCommand.run(ServerCommand.java:48) [dropwizard-core-0.6.2.jar:na]
! at com.yammer.dropwizard.cli.EnvironmentCommand.run(EnvironmentCommand.java:39) [dropwizard-core-0.6.2.jar:na]
! at com.yammer.dropwizard.cli.ConfiguredCommand.run(ConfiguredCommand.java:58) [dropwizard-core-0.6.2.jar:na]
! at com.yammer.dropwizard.cli.Cli.run(Cli.java:53) [dropwizard-core-0.6.2.jar:na]
! at com.yammer.dropwizard.Service.run(Service.java:61) [dropwizard-core-0.6.2.jar:na]
! at com.kaizen.yelp.serviceclass.KaizenService.main(KaizenService.java:24) [classes/:na]
WARN  [2014-04-24 01:45:16,594] org.eclipse.jetty.util.component.AbstractLifeCycle: FAILED org.eclipse.jetty.server.Server@e888e0: MultiException[java.net.BindException: Address already in use: bind, java.net.BindException: Address already in use: JVM_Bind]
! org.eclipse.jetty.util.MultiException: Multiple exceptions
! at org.eclipse.jetty.server.Server.doStart(Server.java:273) ~[jetty-server-8.1.10.v20130312.jar:8.1.10.v20130312]
! at org.eclipse.jetty.util.component.AbstractLifeCycle.start(AbstractLifeCycle.java:64) ~[jetty-util-8.1.10.v20130312.jar:8.1.10.v20130312]
! at com.yammer.dropwizard.cli.ServerCommand.run(ServerCommand.java:48) [dropwizard-core-0.6.2.jar:na]
! at com.yammer.dropwizard.cli.EnvironmentCommand.run(EnvironmentCommand.java:39) [dropwizard-core-0.6.2.jar:na]
! at com.yammer.dropwizard.cli.ConfiguredCommand.run(ConfiguredCommand.java:58) [dropwizard-core-0.6.2.jar:na]
! at com.yammer.dropwizard.cli.Cli.run(Cli.java:53) [dropwizard-core-0.6.2.jar:na]
! at com.yammer.dropwizard.Service.run(Service.java:61) [dropwizard-core-0.6.2.jar:na]
! at com.kaizen.yelp.serviceclass.KaizenService.main(KaizenService.java:24) [classes/:na]
ERROR [2014-04-24 01:45:16,594] com.yammer.dropwizard.cli.ServerCommand: Unable to start server, shutting down
! org.eclipse.jetty.util.MultiException: Multiple exceptions
! at org.eclipse.jetty.server.Server.doStart(Server.java:273) ~[jetty-server-8.1.10.v20130312.jar:8.1.10.v20130312]
! at org.eclipse.jetty.util.component.AbstractLifeCycle.start(AbstractLifeCycle.java:64) ~[jetty-util-8.1.10.v20130312.jar:8.1.10.v20130312]
! at com.yammer.dropwizard.cli.ServerCommand.run(ServerCommand.java:48) ~[dropwizard-core-0.6.2.jar:na]
! at com.yammer.dropwizard.cli.EnvironmentCommand.run(EnvironmentCommand.java:39) [dropwizard-core-0.6.2.jar:na]
! at com.yammer.dropwizard.cli.ConfiguredCommand.run(ConfiguredCommand.java:58) [dropwizard-core-0.6.2.jar:na]
! at com.yammer.dropwizard.cli.Cli.run(Cli.java:53) [dropwizard-core-0.6.2.jar:na]
! at com.yammer.dropwizard.Service.run(Service.java:61) [dropwizard-core-0.6.2.jar:na]
! at com.kaizen.yelp.serviceclass.KaizenService.main(KaizenService.java:24) [classes/:na]
INFO  [2014-04-24 01:45:16,594] org.eclipse.jetty.server.Server: Graceful shutdown SocketConnector@0.0.0.0:8081
INFO  [2014-04-24 01:45:16,595] org.eclipse.jetty.server.Server: Graceful shutdown InstrumentedBlockingChannelConnector@0.0.0.0:8080
INFO  [2014-04-24 01:45:16,595] org.eclipse.jetty.server.Server: Graceful shutdown o.e.j.s.ServletContextHandler{/,null}
INFO  [2014-04-24 01:45:16,595] org.eclipse.jetty.server.Server: Graceful shutdown o.e.j.s.ServletContextHandler{/,file:/D:/Spring%202014/273_Sithu%20Aung/YELP-master%20Backup%204_23_2014/YELP-master/kaizen/target/classes/}
INFO  [2014-04-24 01:45:18,595] org.eclipse.jetty.server.handler.ContextHandler: stopped o.e.j.s.ServletContextHandler{/,file:/D:/Spring%202014/273_Sithu%20Aung/YELP-master%20Backup%204_23_2014/YELP-master/kaizen/target/classes/}
INFO  [2014-04-24 01:45:18,596] org.eclipse.jetty.server.handler.ContextHandler: stopped o.e.j.s.ServletContextHandler{/,null}
INFO  [2014-04-24 01:45:50,063] com.yammer.dropwizard.cli.ServerCommand: Starting kaizen-service
INFO  [2014-04-24 01:45:50,067] org.eclipse.jetty.server.Server: jetty-8.1.10.v20130312
INFO  [2014-04-24 01:45:50,174] com.sun.jersey.server.impl.application.WebApplicationImpl: Initiating Jersey application, version 'Jersey: 1.17.1 02/28/2013 12:47 PM'
INFO  [2014-04-24 01:45:50,248] com.yammer.dropwizard.config.Environment: The following paths were found for the configured resources:

    GET     /kaizen/v1/review (com.kaizen.yelp.api.KaizenResource)
    GET     /kaizen/v1/tip (com.kaizen.yelp.api.KaizenResource)
    GET     /kaizen/v1/user (com.kaizen.yelp.api.KaizenResource)
    GET     /kaizen/v1/{city}/{categories} (com.kaizen.yelp.api.KaizenResource)
    GET     /kaizen/v1/{city}/{categories}/{hoursDay}/{time1}/{time2} (com.kaizen.yelp.api.KaizenResource)
    GET     /kaizen/v1/{city}/{categories}/{when} (com.kaizen.yelp.api.KaizenResource)
    POST    /kaizen/v1/insertReview (com.kaizen.yelp.api.KaizenResource)
    POST    /kaizen/v1/publish (com.kaizen.yelp.api.KaizenResource)
    POST    /kaizen/v1/subscribe (com.kaizen.yelp.api.KaizenResource)
    GET     /kaizen (com.kaizen.yelp.ui.resources.LoginResource)
    POST    /kaizen/authenticate/ (com.kaizen.yelp.ui.resources.LoginResource)
    POST    /kaizen/register/ (com.kaizen.yelp.ui.resources.LoginResource)
    GET     /kaizen/{username}/home (com.kaizen.yelp.ui.resources.UserResource)
    POST    /kaizen/{username}/home (com.kaizen.yelp.ui.resources.UserResource)
    GET     /kaizen/{username}/{business_id} (com.kaizen.yelp.ui.resources.BusinessResource)

INFO  [2014-04-24 01:45:50,249] com.yammer.dropwizard.config.Environment: tasks = 

    POST    /tasks/gc (com.yammer.dropwizard.tasks.GarbageCollectionTask)

WARN  [2014-04-24 01:45:50,560] org.eclipse.jetty.util.component.AbstractLifeCycle: FAILED InstrumentedBlockingChannelConnector@0.0.0.0:8080: java.net.BindException: Address already in use: bind
! java.net.BindException: Address already in use: bind
! at sun.nio.ch.Net.bind0(Native Method) ~[na:1.7.0_21]
! at sun.nio.ch.Net.bind(Net.java:344) ~[na:1.7.0_21]
! at sun.nio.ch.Net.bind(Net.java:336) ~[na:1.7.0_21]
! at sun.nio.ch.ServerSocketChannelImpl.bind(ServerSocketChannelImpl.java:199) ~[na:1.7.0_21]
! at sun.nio.ch.ServerSocketAdaptor.bind(ServerSocketAdaptor.java:74) ~[na:1.7.0_21]
! at org.eclipse.jetty.server.nio.BlockingChannelConnector.open(BlockingChannelConnector.java:127) ~[jetty-server-8.1.10.v20130312.jar:8.1.10.v20130312]
! at org.eclipse.jetty.server.AbstractConnector.doStart(AbstractConnector.java:316) ~[jetty-server-8.1.10.v20130312.jar:8.1.10.v20130312]
! at org.eclipse.jetty.server.nio.BlockingChannelConnector.doStart(BlockingChannelConnector.java:85) ~[jetty-server-8.1.10.v20130312.jar:8.1.10.v20130312]
! at org.eclipse.jetty.util.component.AbstractLifeCycle.start(AbstractLifeCycle.java:64) [jetty-util-8.1.10.v20130312.jar:8.1.10.v20130312]
! at org.eclipse.jetty.server.Server.doStart(Server.java:291) [jetty-server-8.1.10.v20130312.jar:8.1.10.v20130312]
! at org.eclipse.jetty.util.component.AbstractLifeCycle.start(AbstractLifeCycle.java:64) [jetty-util-8.1.10.v20130312.jar:8.1.10.v20130312]
! at com.yammer.dropwizard.cli.ServerCommand.run(ServerCommand.java:48) [dropwizard-core-0.6.2.jar:na]
! at com.yammer.dropwizard.cli.EnvironmentCommand.run(EnvironmentCommand.java:39) [dropwizard-core-0.6.2.jar:na]
! at com.yammer.dropwizard.cli.ConfiguredCommand.run(ConfiguredCommand.java:58) [dropwizard-core-0.6.2.jar:na]
! at com.yammer.dropwizard.cli.Cli.run(Cli.java:53) [dropwizard-core-0.6.2.jar:na]
! at com.yammer.dropwizard.Service.run(Service.java:61) [dropwizard-core-0.6.2.jar:na]
! at com.kaizen.yelp.serviceclass.KaizenService.main(KaizenService.java:24) [classes/:na]
WARN  [2014-04-24 01:45:50,561] org.eclipse.jetty.util.component.AbstractLifeCycle: FAILED SocketConnector@0.0.0.0:8081: java.net.BindException: Address already in use: JVM_Bind
! java.net.BindException: Address already in use: JVM_Bind
! at java.net.DualStackPlainSocketImpl.bind0(Native Method) ~[na:1.7.0_21]
! at java.net.DualStackPlainSocketImpl.socketBind(DualStackPlainSocketImpl.java:96) ~[na:1.7.0_21]
! at java.net.AbstractPlainSocketImpl.bind(AbstractPlainSocketImpl.java:376) ~[na:1.7.0_21]
! at java.net.PlainSocketImpl.bind(PlainSocketImpl.java:175) ~[na:1.7.0_21]
! at java.net.ServerSocket.bind(ServerSocket.java:376) ~[na:1.7.0_21]
! at java.net.ServerSocket.<init>(ServerSocket.java:237) ~[na:1.7.0_21]
! at java.net.ServerSocket.<init>(ServerSocket.java:181) ~[na:1.7.0_21]
! at org.eclipse.jetty.server.bio.SocketConnector.newServerSocket(SocketConnector.java:96) ~[jetty-server-8.1.10.v20130312.jar:8.1.10.v20130312]
! at org.eclipse.jetty.server.bio.SocketConnector.open(SocketConnector.java:85) ~[jetty-server-8.1.10.v20130312.jar:8.1.10.v20130312]
! at org.eclipse.jetty.server.AbstractConnector.doStart(AbstractConnector.java:316) ~[jetty-server-8.1.10.v20130312.jar:8.1.10.v20130312]
! at org.eclipse.jetty.server.bio.SocketConnector.doStart(SocketConnector.java:156) ~[jetty-server-8.1.10.v20130312.jar:8.1.10.v20130312]
! at org.eclipse.jetty.util.component.AbstractLifeCycle.start(AbstractLifeCycle.java:64) [jetty-util-8.1.10.v20130312.jar:8.1.10.v20130312]
! at org.eclipse.jetty.server.Server.doStart(Server.java:291) [jetty-server-8.1.10.v20130312.jar:8.1.10.v20130312]
! at org.eclipse.jetty.util.component.AbstractLifeCycle.start(AbstractLifeCycle.java:64) [jetty-util-8.1.10.v20130312.jar:8.1.10.v20130312]
! at com.yammer.dropwizard.cli.ServerCommand.run(ServerCommand.java:48) [dropwizard-core-0.6.2.jar:na]
! at com.yammer.dropwizard.cli.EnvironmentCommand.run(EnvironmentCommand.java:39) [dropwizard-core-0.6.2.jar:na]
! at com.yammer.dropwizard.cli.ConfiguredCommand.run(ConfiguredCommand.java:58) [dropwizard-core-0.6.2.jar:na]
! at com.yammer.dropwizard.cli.Cli.run(Cli.java:53) [dropwizard-core-0.6.2.jar:na]
! at com.yammer.dropwizard.Service.run(Service.java:61) [dropwizard-core-0.6.2.jar:na]
! at com.kaizen.yelp.serviceclass.KaizenService.main(KaizenService.java:24) [classes/:na]
WARN  [2014-04-24 01:45:50,561] org.eclipse.jetty.util.component.AbstractLifeCycle: FAILED org.eclipse.jetty.server.Server@e888e0: MultiException[java.net.BindException: Address already in use: bind, java.net.BindException: Address already in use: JVM_Bind]
! org.eclipse.jetty.util.MultiException: Multiple exceptions
! at org.eclipse.jetty.server.Server.doStart(Server.java:273) ~[jetty-server-8.1.10.v20130312.jar:8.1.10.v20130312]
! at org.eclipse.jetty.util.component.AbstractLifeCycle.start(AbstractLifeCycle.java:64) ~[jetty-util-8.1.10.v20130312.jar:8.1.10.v20130312]
! at com.yammer.dropwizard.cli.ServerCommand.run(ServerCommand.java:48) [dropwizard-core-0.6.2.jar:na]
! at com.yammer.dropwizard.cli.EnvironmentCommand.run(EnvironmentCommand.java:39) [dropwizard-core-0.6.2.jar:na]
! at com.yammer.dropwizard.cli.ConfiguredCommand.run(ConfiguredCommand.java:58) [dropwizard-core-0.6.2.jar:na]
! at com.yammer.dropwizard.cli.Cli.run(Cli.java:53) [dropwizard-core-0.6.2.jar:na]
! at com.yammer.dropwizard.Service.run(Service.java:61) [dropwizard-core-0.6.2.jar:na]
! at com.kaizen.yelp.serviceclass.KaizenService.main(KaizenService.java:24) [classes/:na]
ERROR [2014-04-24 01:45:50,561] com.yammer.dropwizard.cli.ServerCommand: Unable to start server, shutting down
! org.eclipse.jetty.util.MultiException: Multiple exceptions
! at org.eclipse.jetty.server.Server.doStart(Server.java:273) ~[jetty-server-8.1.10.v20130312.jar:8.1.10.v20130312]
! at org.eclipse.jetty.util.component.AbstractLifeCycle.start(AbstractLifeCycle.java:64) ~[jetty-util-8.1.10.v20130312.jar:8.1.10.v20130312]
! at com.yammer.dropwizard.cli.ServerCommand.run(ServerCommand.java:48) ~[dropwizard-core-0.6.2.jar:na]
! at com.yammer.dropwizard.cli.EnvironmentCommand.run(EnvironmentCommand.java:39) [dropwizard-core-0.6.2.jar:na]
! at com.yammer.dropwizard.cli.ConfiguredCommand.run(ConfiguredCommand.java:58) [dropwizard-core-0.6.2.jar:na]
! at com.yammer.dropwizard.cli.Cli.run(Cli.java:53) [dropwizard-core-0.6.2.jar:na]
! at com.yammer.dropwizard.Service.run(Service.java:61) [dropwizard-core-0.6.2.jar:na]
! at com.kaizen.yelp.serviceclass.KaizenService.main(KaizenService.java:24) [classes/:na]
INFO  [2014-04-24 01:45:50,561] org.eclipse.jetty.server.Server: Graceful shutdown SocketConnector@0.0.0.0:8081
INFO  [2014-04-24 01:45:50,562] org.eclipse.jetty.server.Server: Graceful shutdown InstrumentedBlockingChannelConnector@0.0.0.0:8080
INFO  [2014-04-24 01:45:50,562] org.eclipse.jetty.server.Server: Graceful shutdown o.e.j.s.ServletContextHandler{/,null}
INFO  [2014-04-24 01:45:50,562] org.eclipse.jetty.server.Server: Graceful shutdown o.e.j.s.ServletContextHandler{/,file:/D:/Spring%202014/273_Sithu%20Aung/YELP-master%20Backup%204_23_2014/YELP-master/kaizen/target/classes/}
INFO  [2014-04-24 01:45:52,562] org.eclipse.jetty.server.handler.ContextHandler: stopped o.e.j.s.ServletContextHandler{/,file:/D:/Spring%202014/273_Sithu%20Aung/YELP-master%20Backup%204_23_2014/YELP-master/kaizen/target/classes/}
INFO  [2014-04-24 01:45:52,563] org.eclipse.jetty.server.handler.ContextHandler: stopped o.e.j.s.ServletContextHandler{/,null}
INFO  [2014-04-24 01:51:52,430] com.yammer.dropwizard.cli.ServerCommand: Starting kaizen-service
INFO  [2014-04-24 01:51:52,435] org.eclipse.jetty.server.Server: jetty-8.1.10.v20130312
INFO  [2014-04-24 01:51:52,542] com.sun.jersey.server.impl.application.WebApplicationImpl: Initiating Jersey application, version 'Jersey: 1.17.1 02/28/2013 12:47 PM'
INFO  [2014-04-24 01:51:52,614] com.yammer.dropwizard.config.Environment: The following paths were found for the configured resources:

    GET     /kaizen/v1/review (com.kaizen.yelp.api.KaizenResource)
    GET     /kaizen/v1/tip (com.kaizen.yelp.api.KaizenResource)
    GET     /kaizen/v1/user (com.kaizen.yelp.api.KaizenResource)
    GET     /kaizen/v1/{city}/{categories} (com.kaizen.yelp.api.KaizenResource)
    GET     /kaizen/v1/{city}/{categories}/{hoursDay}/{time1}/{time2} (com.kaizen.yelp.api.KaizenResource)
    GET     /kaizen/v1/{city}/{categories}/{when} (com.kaizen.yelp.api.KaizenResource)
    POST    /kaizen/v1/insertReview (com.kaizen.yelp.api.KaizenResource)
    POST    /kaizen/v1/publish (com.kaizen.yelp.api.KaizenResource)
    POST    /kaizen/v1/subscribe (com.kaizen.yelp.api.KaizenResource)
    GET     /kaizen (com.kaizen.yelp.ui.resources.LoginResource)
    POST    /kaizen/authenticate/ (com.kaizen.yelp.ui.resources.LoginResource)
    POST    /kaizen/register/ (com.kaizen.yelp.ui.resources.LoginResource)
    GET     /kaizen/{username}/home (com.kaizen.yelp.ui.resources.UserResource)
    POST    /kaizen/{username}/home (com.kaizen.yelp.ui.resources.UserResource)
    GET     /kaizen/{username}/{business_id} (com.kaizen.yelp.ui.resources.BusinessResource)

INFO  [2014-04-24 01:51:52,615] com.yammer.dropwizard.config.Environment: tasks = 

    POST    /tasks/gc (com.yammer.dropwizard.tasks.GarbageCollectionTask)

INFO  [2014-04-24 01:51:52,916] org.eclipse.jetty.server.AbstractConnector: Started InstrumentedBlockingChannelConnector@0.0.0.0:8000
WARN  [2014-04-24 01:51:52,923] org.eclipse.jetty.util.component.AbstractLifeCycle: FAILED SocketConnector@0.0.0.0:8081: java.net.BindException: Address already in use: JVM_Bind
! java.net.BindException: Address already in use: JVM_Bind
! at java.net.DualStackPlainSocketImpl.bind0(Native Method) ~[na:1.7.0_21]
! at java.net.DualStackPlainSocketImpl.socketBind(DualStackPlainSocketImpl.java:96) ~[na:1.7.0_21]
! at java.net.AbstractPlainSocketImpl.bind(AbstractPlainSocketImpl.java:376) ~[na:1.7.0_21]
! at java.net.PlainSocketImpl.bind(PlainSocketImpl.java:175) ~[na:1.7.0_21]
! at java.net.ServerSocket.bind(ServerSocket.java:376) ~[na:1.7.0_21]
! at java.net.ServerSocket.<init>(ServerSocket.java:237) ~[na:1.7.0_21]
! at java.net.ServerSocket.<init>(ServerSocket.java:181) ~[na:1.7.0_21]
! at org.eclipse.jetty.server.bio.SocketConnector.newServerSocket(SocketConnector.java:96) ~[jetty-server-8.1.10.v20130312.jar:8.1.10.v20130312]
! at org.eclipse.jetty.server.bio.SocketConnector.open(SocketConnector.java:85) ~[jetty-server-8.1.10.v20130312.jar:8.1.10.v20130312]
! at org.eclipse.jetty.server.AbstractConnector.doStart(AbstractConnector.java:316) ~[jetty-server-8.1.10.v20130312.jar:8.1.10.v20130312]
! at org.eclipse.jetty.server.bio.SocketConnector.doStart(SocketConnector.java:156) ~[jetty-server-8.1.10.v20130312.jar:8.1.10.v20130312]
! at org.eclipse.jetty.util.component.AbstractLifeCycle.start(AbstractLifeCycle.java:64) [jetty-util-8.1.10.v20130312.jar:8.1.10.v20130312]
! at org.eclipse.jetty.server.Server.doStart(Server.java:291) [jetty-server-8.1.10.v20130312.jar:8.1.10.v20130312]
! at org.eclipse.jetty.util.component.AbstractLifeCycle.start(AbstractLifeCycle.java:64) [jetty-util-8.1.10.v20130312.jar:8.1.10.v20130312]
! at com.yammer.dropwizard.cli.ServerCommand.run(ServerCommand.java:48) [dropwizard-core-0.6.2.jar:na]
! at com.yammer.dropwizard.cli.EnvironmentCommand.run(EnvironmentCommand.java:39) [dropwizard-core-0.6.2.jar:na]
! at com.yammer.dropwizard.cli.ConfiguredCommand.run(ConfiguredCommand.java:58) [dropwizard-core-0.6.2.jar:na]
! at com.yammer.dropwizard.cli.Cli.run(Cli.java:53) [dropwizard-core-0.6.2.jar:na]
! at com.yammer.dropwizard.Service.run(Service.java:61) [dropwizard-core-0.6.2.jar:na]
! at com.kaizen.yelp.serviceclass.KaizenService.main(KaizenService.java:24) [classes/:na]
WARN  [2014-04-24 01:51:52,923] org.eclipse.jetty.util.component.AbstractLifeCycle: FAILED org.eclipse.jetty.server.Server@fe9c23: java.net.BindException: Address already in use: JVM_Bind
! java.net.BindException: Address already in use: JVM_Bind
! at java.net.DualStackPlainSocketImpl.bind0(Native Method) ~[na:1.7.0_21]
! at java.net.DualStackPlainSocketImpl.socketBind(DualStackPlainSocketImpl.java:96) ~[na:1.7.0_21]
! at java.net.AbstractPlainSocketImpl.bind(AbstractPlainSocketImpl.java:376) ~[na:1.7.0_21]
! at java.net.PlainSocketImpl.bind(PlainSocketImpl.java:175) ~[na:1.7.0_21]
! at java.net.ServerSocket.bind(ServerSocket.java:376) ~[na:1.7.0_21]
! at java.net.ServerSocket.<init>(ServerSocket.java:237) ~[na:1.7.0_21]
! at java.net.ServerSocket.<init>(ServerSocket.java:181) ~[na:1.7.0_21]
! at org.eclipse.jetty.server.bio.SocketConnector.newServerSocket(SocketConnector.java:96) ~[jetty-server-8.1.10.v20130312.jar:8.1.10.v20130312]
! at org.eclipse.jetty.server.bio.SocketConnector.open(SocketConnector.java:85) ~[jetty-server-8.1.10.v20130312.jar:8.1.10.v20130312]
! at org.eclipse.jetty.server.AbstractConnector.doStart(AbstractConnector.java:316) ~[jetty-server-8.1.10.v20130312.jar:8.1.10.v20130312]
! at org.eclipse.jetty.server.bio.SocketConnector.doStart(SocketConnector.java:156) ~[jetty-server-8.1.10.v20130312.jar:8.1.10.v20130312]
! at org.eclipse.jetty.util.component.AbstractLifeCycle.start(AbstractLifeCycle.java:64) ~[jetty-util-8.1.10.v20130312.jar:8.1.10.v20130312]
! at org.eclipse.jetty.server.Server.doStart(Server.java:291) ~[jetty-server-8.1.10.v20130312.jar:8.1.10.v20130312]
! at org.eclipse.jetty.util.component.AbstractLifeCycle.start(AbstractLifeCycle.java:64) ~[jetty-util-8.1.10.v20130312.jar:8.1.10.v20130312]
! at com.yammer.dropwizard.cli.ServerCommand.run(ServerCommand.java:48) [dropwizard-core-0.6.2.jar:na]
! at com.yammer.dropwizard.cli.EnvironmentCommand.run(EnvironmentCommand.java:39) [dropwizard-core-0.6.2.jar:na]
! at com.yammer.dropwizard.cli.ConfiguredCommand.run(ConfiguredCommand.java:58) [dropwizard-core-0.6.2.jar:na]
! at com.yammer.dropwizard.cli.Cli.run(Cli.java:53) [dropwizard-core-0.6.2.jar:na]
! at com.yammer.dropwizard.Service.run(Service.java:61) [dropwizard-core-0.6.2.jar:na]
! at com.kaizen.yelp.serviceclass.KaizenService.main(KaizenService.java:24) [classes/:na]
ERROR [2014-04-24 01:51:52,924] com.yammer.dropwizard.cli.ServerCommand: Unable to start server, shutting down
! java.net.BindException: Address already in use: JVM_Bind
! at java.net.DualStackPlainSocketImpl.bind0(Native Method) ~[na:1.7.0_21]
! at java.net.DualStackPlainSocketImpl.socketBind(DualStackPlainSocketImpl.java:96) ~[na:1.7.0_21]
! at java.net.AbstractPlainSocketImpl.bind(AbstractPlainSocketImpl.java:376) ~[na:1.7.0_21]
! at java.net.PlainSocketImpl.bind(PlainSocketImpl.java:175) ~[na:1.7.0_21]
! at java.net.ServerSocket.bind(ServerSocket.java:376) ~[na:1.7.0_21]
! at java.net.ServerSocket.<init>(ServerSocket.java:237) ~[na:1.7.0_21]
! at java.net.ServerSocket.<init>(ServerSocket.java:181) ~[na:1.7.0_21]
! at org.eclipse.jetty.server.bio.SocketConnector.newServerSocket(SocketConnector.java:96) ~[jetty-server-8.1.10.v20130312.jar:8.1.10.v20130312]
! at org.eclipse.jetty.server.bio.SocketConnector.open(SocketConnector.java:85) ~[jetty-server-8.1.10.v20130312.jar:8.1.10.v20130312]
! at org.eclipse.jetty.server.AbstractConnector.doStart(AbstractConnector.java:316) ~[jetty-server-8.1.10.v20130312.jar:8.1.10.v20130312]
! at org.eclipse.jetty.server.bio.SocketConnector.doStart(SocketConnector.java:156) ~[jetty-server-8.1.10.v20130312.jar:8.1.10.v20130312]
! at org.eclipse.jetty.util.component.AbstractLifeCycle.start(AbstractLifeCycle.java:64) ~[jetty-util-8.1.10.v20130312.jar:8.1.10.v20130312]
! at org.eclipse.jetty.server.Server.doStart(Server.java:291) ~[jetty-server-8.1.10.v20130312.jar:8.1.10.v20130312]
! at org.eclipse.jetty.util.component.AbstractLifeCycle.start(AbstractLifeCycle.java:64) ~[jetty-util-8.1.10.v20130312.jar:8.1.10.v20130312]
! at com.yammer.dropwizard.cli.ServerCommand.run(ServerCommand.java:48) ~[dropwizard-core-0.6.2.jar:na]
! at com.yammer.dropwizard.cli.EnvironmentCommand.run(EnvironmentCommand.java:39) [dropwizard-core-0.6.2.jar:na]
! at com.yammer.dropwizard.cli.ConfiguredCommand.run(ConfiguredCommand.java:58) [dropwizard-core-0.6.2.jar:na]
! at com.yammer.dropwizard.cli.Cli.run(Cli.java:53) [dropwizard-core-0.6.2.jar:na]
! at com.yammer.dropwizard.Service.run(Service.java:61) [dropwizard-core-0.6.2.jar:na]
! at com.kaizen.yelp.serviceclass.KaizenService.main(KaizenService.java:24) [classes/:na]
INFO  [2014-04-24 01:51:52,924] org.eclipse.jetty.server.Server: Graceful shutdown SocketConnector@0.0.0.0:8081
INFO  [2014-04-24 01:51:52,929] org.eclipse.jetty.server.Server: Graceful shutdown InstrumentedBlockingChannelConnector@0.0.0.0:8000
INFO  [2014-04-24 01:51:52,930] org.eclipse.jetty.server.Server: Graceful shutdown o.e.j.s.ServletContextHandler{/,null}
INFO  [2014-04-24 01:51:52,930] org.eclipse.jetty.server.Server: Graceful shutdown o.e.j.s.ServletContextHandler{/,file:/D:/Spring%202014/273_Sithu%20Aung/YELP-master%20Backup%204_23_2014/YELP-master/kaizen/target/classes/}
INFO  [2014-04-24 01:51:54,930] org.eclipse.jetty.server.handler.ContextHandler: stopped o.e.j.s.ServletContextHandler{/,file:/D:/Spring%202014/273_Sithu%20Aung/YELP-master%20Backup%204_23_2014/YELP-master/kaizen/target/classes/}
INFO  [2014-04-24 01:51:54,931] org.eclipse.jetty.server.handler.ContextHandler: stopped o.e.j.s.ServletContextHandler{/,null}
INFO  [2014-04-24 01:52:35,225] com.yammer.dropwizard.cli.ServerCommand: Starting kaizen-service
INFO  [2014-04-24 01:52:35,229] org.eclipse.jetty.server.Server: jetty-8.1.10.v20130312
INFO  [2014-04-24 01:52:35,336] com.sun.jersey.server.impl.application.WebApplicationImpl: Initiating Jersey application, version 'Jersey: 1.17.1 02/28/2013 12:47 PM'
INFO  [2014-04-24 01:52:35,410] com.yammer.dropwizard.config.Environment: The following paths were found for the configured resources:

    GET     /kaizen/v1/review (com.kaizen.yelp.api.KaizenResource)
    GET     /kaizen/v1/tip (com.kaizen.yelp.api.KaizenResource)
    GET     /kaizen/v1/user (com.kaizen.yelp.api.KaizenResource)
    GET     /kaizen/v1/{city}/{categories} (com.kaizen.yelp.api.KaizenResource)
    GET     /kaizen/v1/{city}/{categories}/{hoursDay}/{time1}/{time2} (com.kaizen.yelp.api.KaizenResource)
    GET     /kaizen/v1/{city}/{categories}/{when} (com.kaizen.yelp.api.KaizenResource)
    POST    /kaizen/v1/insertReview (com.kaizen.yelp.api.KaizenResource)
    POST    /kaizen/v1/publish (com.kaizen.yelp.api.KaizenResource)
    POST    /kaizen/v1/subscribe (com.kaizen.yelp.api.KaizenResource)
    GET     /kaizen (com.kaizen.yelp.ui.resources.LoginResource)
    POST    /kaizen/authenticate/ (com.kaizen.yelp.ui.resources.LoginResource)
    POST    /kaizen/register/ (com.kaizen.yelp.ui.resources.LoginResource)
    GET     /kaizen/{username}/home (com.kaizen.yelp.ui.resources.UserResource)
    POST    /kaizen/{username}/home (com.kaizen.yelp.ui.resources.UserResource)
    GET     /kaizen/{username}/{business_id} (com.kaizen.yelp.ui.resources.BusinessResource)

INFO  [2014-04-24 01:52:35,411] com.yammer.dropwizard.config.Environment: tasks = 

    POST    /tasks/gc (com.yammer.dropwizard.tasks.GarbageCollectionTask)

INFO  [2014-04-24 01:52:35,719] org.eclipse.jetty.server.AbstractConnector: Started InstrumentedBlockingChannelConnector@0.0.0.0:8001
INFO  [2014-04-24 01:52:35,721] org.eclipse.jetty.server.AbstractConnector: Started SocketConnector@0.0.0.0:8002
